{"level":"info","message":"Connect sucessfully"}
{"level":"info","message":"Connect sucessfully"}
{"level":"info","message":"Connect sucessfully"}
{"level":"info","message":"Connect sucessfully"}
{"level":"info","message":"Connect sucessfully"}
{"level":"info","message":"Connect sucessfully"}
{"level":"info","message":"Connect sucessfully"}
{"level":"info","message":"Connect sucessfully"}
{"level":"info","message":"Connect sucessfully"}
{"level":"info","message":"Connect sucessfully"}
{"level":"info","message":"Connect sucessfully"}
{"level":"info","message":"Connect sucessfully"}
{"level":"info","message":"Connect sucessfully"}
{"level":"info","message":"Connect sucessfully"}
{"level":"info","message":"Connect sucessfully"}
{"level":"info","message":"Connect sucessfully"}
{
  message: 'Connect sucessfully',
  level: 'info',
  timestamp: '7/2/2022, 2:54:15 PM'
}
{
  message: 'Error connecting: ER_NOT_SUPPORTED_AUTH_MODE: Client does not support authentication protocol requested by server; consider upgrading MySQL client',
  level: 'error',
  timestamp: '7/2/2022, 2:55:27 PM'
}
{
  message: 'Error connecting: ER_NOT_SUPPORTED_AUTH_MODE: Client does not support authentication protocol requested by server; consider upgrading MySQL client',
  level: 'error',
  timestamp: '7/2/2022, 2:55:40 PM'
}
{
  message: 'Connect sucessfully',
  level: 'info',
  timestamp: '7/2/2022, 2:55:50 PM'
}
{
  message: 'Connect sucessfully',
  level: 'info',
  timestamp: '7/2/2022, 2:56:43 PM'
}
{
  message: 'Connect sucessfully',
  level: 'info',
  timestamp: '7/2/2022, 2:57:51 PM'
}
{
  message: 'Connect sucessfully',
  level: 'info',
  timestamp: '7/2/2022, 2:58:45 PM'
}
{
  message: 'Connect sucessfully',
  level: 'info',
  timestamp: '7/2/2022, 2:59:18 PM'
}
{
  message: 'Connect sucessfully',
  level: 'info',
  timestamp: '7/2/2022, 3:00:35 PM'
}
{
  message: 'Connect sucessfully',
  level: 'info',
  timestamp: '7/2/2022, 3:00:43 PM'
}
{
  message: 'Connect sucessfully',
  level: 'info',
  timestamp: '7/2/2022, 3:01:57 PM'
}
{
  message: 'Connect sucessfully',
  level: 'info',
  timestamp: '7/2/2022, 3:02:23 PM'
}
{
  message: 'Connect sucessfully',
  level: 'info',
  timestamp: '7/2/2022, 3:02:36 PM'
}
{
  message: 'Connect sucessfully',
  level: 'info',
  timestamp: '7/2/2022, 3:04:44 PM'
}
{
  message: 'Connect sucessfully',
  level: 'info',
  timestamp: '7/2/2022, 3:05:04 PM'
}
{
  message: 'Connect sucessfully',
  level: 'info',
  timestamp: '7/2/2022, 3:05:21 PM'
}
{
  message: 'Connect sucessfully',
  level: 'info',
  timestamp: '7/2/2022, 3:06:15 PM'
}
{
  message: 'Connect sucessfully',
  level: 'info',
  timestamp: '7/2/2022, 3:07:06 PM'
}
{
  message: 'Connect sucessfully',
  level: 'info',
  timestamp: '7/2/2022, 3:07:40 PM'
}
{
  message: 'Connect sucessfully',
  level: 'info',
  timestamp: '7/2/2022, 3:15:01 PM'
}
{
  message: 'Connect sucessfully',
  level: 'info',
  timestamp: '7/2/2022, 3:15:22 PM'
}
{
  message: 'Connect sucessfully',
  level: 'info',
  timestamp: '7/2/2022, 3:16:21 PM'
}
{
  message: 'Connect sucessfully',
  level: 'info',
  timestamp: '7/2/2022, 3:16:47 PM'
}
{
  message: 'Connect sucessfully',
  level: 'info',
  timestamp: '7/2/2022, 3:17:22 PM'
}
{
  message: 'Connect sucessfully',
  level: 'info',
  timestamp: '7/2/2022, 4:33:48 PM'
}
{
  message: 'Connect sucessfully',
  level: 'info',
  timestamp: '7/2/2022, 4:35:35 PM'
}
{
  message: 'Connect sucessfully',
  level: 'info',
  timestamp: '7/2/2022, 4:35:55 PM'
}
{
  message: 'Connect sucessfully',
  level: 'info',
  timestamp: '7/2/2022, 4:37:49 PM'
}
{
  message: 'Connect sucessfully',
  level: 'info',
  timestamp: '7/2/2022, 4:38:32 PM'
}
{
  message: 'Connect sucessfully',
  level: 'info',
  timestamp: '7/2/2022, 4:45:31 PM'
}
{
  message: 'Connect sucessfully',
  level: 'info',
  timestamp: '7/2/2022, 4:46:06 PM'
}
{
  message: 'Connect sucessfully',
  level: 'info',
  timestamp: '7/2/2022, 4:46:37 PM'
}
{
  message: 'Connect sucessfully',
  level: 'info',
  timestamp: '7/2/2022, 4:46:58 PM'
}
{
  message: 'Connect sucessfully',
  level: 'info',
  timestamp: '7/2/2022, 4:58:32 PM'
}
{
  message: 'Connect sucessfully',
  level: 'info',
  timestamp: '7/2/2022, 4:58:46 PM'
}
{
  message: 'Connect sucessfully',
  level: 'info',
  timestamp: '7/2/2022, 4:58:54 PM'
}
{
  message: 'Connect sucessfully',
  level: 'info',
  timestamp: '7/2/2022, 5:09:57 PM'
}
{
  message: 'Error connecting: connect ECONNREFUSED 127.0.0.1:3306',
  level: 'error',
  timestamp: '7/2/2022, 8:41:39 PM'
}
{
  message: 'Connect sucessfully',
  level: 'info',
  timestamp: '7/2/2022, 8:47:13 PM'
}
{
  message: 'Connect sucessfully',
  level: 'info',
  timestamp: '7/2/2022, 8:48:23 PM'
}
{
  message: 'Connect sucessfully',
  level: 'info',
  timestamp: '7/2/2022, 8:49:22 PM'
}
{
  message: 'Connect sucessfully',
  level: 'info',
  timestamp: '7/2/2022, 8:49:32 PM'
}
{
  message: 'Connect sucessfully',
  level: 'info',
  timestamp: '7/2/2022, 8:49:58 PM'
}
{
  message: 'Connect sucessfully',
  level: 'info',
  timestamp: '7/2/2022, 8:50:22 PM'
}
{
  message: 'Connect sucessfully',
  level: 'info',
  timestamp: '7/2/2022, 8:50:26 PM'
}
{
  message: 'Connect sucessfully',
  level: 'info',
  timestamp: '7/2/2022, 8:51:16 PM'
}
{
  message: 'Connect sucessfully',
  level: 'info',
  timestamp: '7/2/2022, 8:51:25 PM'
}
{
  message: 'Connect sucessfully',
  level: 'info',
  timestamp: '7/2/2022, 8:51:52 PM'
}
{
  message: 'Connect sucessfully',
  level: 'info',
  timestamp: '7/2/2022, 8:52:04 PM'
}
{
  message: 'Connect sucessfully',
  level: 'info',
  timestamp: '7/2/2022, 8:52:14 PM'
}
{
  message: 'Connect sucessfully',
  level: 'info',
  timestamp: '7/2/2022, 8:52:31 PM'
}
{
  message: 'Connect sucessfully',
  level: 'info',
  timestamp: '7/2/2022, 8:52:41 PM'
}
{
  message: 'Connect sucessfully',
  level: 'info',
  timestamp: '7/2/2022, 8:53:28 PM'
}
{
  message: 'Connect sucessfully',
  level: 'info',
  timestamp: '7/2/2022, 8:55:13 PM'
}
{
  message: 'Connect sucessfully',
  level: 'info',
  timestamp: '7/2/2022, 8:56:40 PM'
}
{
  message: 'Connect sucessfully',
  level: 'info',
  timestamp: '7/2/2022, 8:57:01 PM'
}
{
  message: 'Connect sucessfully',
  level: 'info',
  timestamp: '7/2/2022, 8:57:22 PM'
}
{
  message: 'Connect sucessfully',
  level: 'info',
  timestamp: '7/2/2022, 8:57:38 PM'
}
{
  message: 'Connect sucessfully',
  level: 'info',
  timestamp: '7/2/2022, 8:58:26 PM'
}
{
  message: 'Connect sucessfully',
  level: 'info',
  timestamp: '7/2/2022, 8:58:39 PM'
}
{
  message: 'Connect sucessfully',
  level: 'info',
  timestamp: '7/2/2022, 8:59:09 PM'
}
{
  message: 'Connect sucessfully',
  level: 'info',
  timestamp: '7/2/2022, 8:59:16 PM'
}
{
  message: 'Connect sucessfully',
  level: 'info',
  timestamp: '7/2/2022, 8:59:24 PM'
}
{
  message: 'Connect sucessfully',
  level: 'info',
  timestamp: '7/2/2022, 8:59:44 PM'
}
{
  message: 'Connect sucessfully',
  level: 'info',
  timestamp: '7/2/2022, 9:00:08 PM'
}
{
  message: 'Connect sucessfully',
  level: 'info',
  timestamp: '7/2/2022, 9:00:41 PM'
}
{
  message: 'Connect sucessfully',
  level: 'info',
  timestamp: '7/2/2022, 9:01:11 PM'
}
{
  message: 'Connect sucessfully',
  level: 'info',
  timestamp: '7/2/2022, 9:01:40 PM'
}
{
  message: 'Connect sucessfully',
  level: 'info',
  timestamp: '7/2/2022, 9:02:22 PM'
}
{
  message: 'Connect sucessfully',
  level: 'info',
  timestamp: '7/2/2022, 9:02:25 PM'
}
{
  message: 'Connect sucessfully',
  level: 'info',
  timestamp: '7/2/2022, 9:03:04 PM'
}
{
  message: 'Connect sucessfully',
  level: 'info',
  timestamp: '7/2/2022, 9:03:10 PM'
}
{
  message: 'Connect sucessfully',
  level: 'info',
  timestamp: '7/2/2022, 9:03:47 PM'
}
{
  message: 'Connect sucessfully',
  level: 'info',
  timestamp: '7/2/2022, 9:03:51 PM'
}
{
  message: 'Connect sucessfully',
  level: 'info',
  timestamp: '7/2/2022, 9:04:09 PM'
}
{
  message: 'Connect sucessfully',
  level: 'info',
  timestamp: '7/2/2022, 9:04:20 PM'
}
{
  message: 'Connect sucessfully',
  level: 'info',
  timestamp: '7/2/2022, 9:04:47 PM'
}
{
  message: 'Connect sucessfully',
  level: 'info',
  timestamp: '7/2/2022, 9:04:58 PM'
}
{
  message: 'Connect sucessfully',
  level: 'info',
  timestamp: '7/2/2022, 9:05:16 PM'
}
{
  message: 'Connect sucessfully',
  level: 'info',
  timestamp: '7/2/2022, 9:05:24 PM'
}
{
  message: 'Connect sucessfully',
  level: 'info',
  timestamp: '7/2/2022, 9:06:42 PM'
}
{
  message: 'Connect sucessfully',
  level: 'info',
  timestamp: '7/2/2022, 9:06:48 PM'
}
{
  message: 'Connect sucessfully',
  level: 'info',
  timestamp: '7/2/2022, 9:06:51 PM'
}
{
  message: 'Connect sucessfully',
  level: 'info',
  timestamp: '7/2/2022, 9:08:04 PM'
}
{
  message: 'Connect sucessfully',
  level: 'info',
  timestamp: '7/2/2022, 9:08:18 PM'
}
{
  message: 'Connect sucessfully',
  level: 'info',
  timestamp: '7/2/2022, 9:08:24 PM'
}
{
  message: 'Connect sucessfully',
  level: 'info',
  timestamp: '7/2/2022, 9:08:32 PM'
}
{
  message: 'Connect sucessfully',
  level: 'info',
  timestamp: '7/2/2022, 9:09:45 PM'
}
{
  message: 'Connect sucessfully',
  level: 'info',
  timestamp: '7/2/2022, 9:09:47 PM'
}
{
  message: 'Connect sucessfully',
  level: 'info',
  timestamp: '7/2/2022, 9:14:33 PM'
}
{
  message: 'Connect sucessfully',
  level: 'info',
  timestamp: '7/2/2022, 9:16:37 PM'
}
{
  message: 'Connect sucessfully',
  level: 'info',
  timestamp: '7/2/2022, 9:18:16 PM'
}
{
  message: 'Connect sucessfully',
  level: 'info',
  timestamp: '7/2/2022, 9:31:07 PM'
}
{
  message: 'Connect sucessfully',
  level: 'info',
  timestamp: '7/2/2022, 9:31:16 PM'
}
{
  message: 'Connect sucessfully',
  level: 'info',
  timestamp: '7/2/2022, 9:31:34 PM'
}
{
  message: 'Connect sucessfully',
  level: 'info',
  timestamp: '7/2/2022, 9:32:00 PM'
}
{
  message: 'Connect sucessfully',
  level: 'info',
  timestamp: '7/2/2022, 9:33:26 PM'
}
{
  message: 'Connect sucessfully',
  level: 'info',
  timestamp: '7/2/2022, 9:35:00 PM'
}
{
  message: 'Connect sucessfully',
  level: 'info',
  timestamp: '7/2/2022, 9:35:03 PM'
}
{
  message: 'Connect sucessfully',
  level: 'info',
  timestamp: '7/2/2022, 9:35:32 PM'
}
{
  message: 'Connect sucessfully',
  level: 'info',
  timestamp: '7/2/2022, 9:35:43 PM'
}
{
  message: 'Connect sucessfully',
  level: 'info',
  timestamp: '7/2/2022, 9:36:12 PM'
}
{
  message: 'Connect sucessfully',
  level: 'info',
  timestamp: '7/2/2022, 9:38:08 PM'
}
{
  message: 'Connect sucessfully',
  level: 'info',
  timestamp: '7/2/2022, 9:38:55 PM'
}
{
  message: 'Connect sucessfully',
  level: 'info',
  timestamp: '7/2/2022, 9:41:02 PM'
}
{
  message: 'Connect sucessfully',
  level: 'info',
  timestamp: '7/2/2022, 9:41:18 PM'
}
{
  message: 'Connect sucessfully',
  level: 'info',
  timestamp: '7/2/2022, 9:41:27 PM'
}
{
  message: 'Connect sucessfully',
  level: 'info',
  timestamp: '7/2/2022, 9:41:29 PM'
}
{
  message: 'Connect sucessfully',
  level: 'info',
  timestamp: '7/2/2022, 9:41:31 PM'
}
{
  message: 'Connect sucessfully',
  level: 'info',
  timestamp: '7/2/2022, 9:43:10 PM'
}
{
  message: 'Connect sucessfully',
  level: 'info',
  timestamp: '7/2/2022, 9:43:15 PM'
}
{
  message: 'Connect sucessfully',
  level: 'info',
  timestamp: '7/2/2022, 9:43:48 PM'
}
{
  message: 'Connect sucessfully',
  level: 'info',
  timestamp: '7/2/2022, 9:44:11 PM'
}
{
  message: 'Connect sucessfully',
  level: 'info',
  timestamp: '7/2/2022, 9:44:39 PM'
}
{
  message: 'Connect sucessfully',
  level: 'info',
  timestamp: '7/2/2022, 9:44:53 PM'
}
{
  message: 'Connect sucessfully',
  level: 'info',
  timestamp: '7/2/2022, 9:44:59 PM'
}
{
  message: 'Connect sucessfully',
  level: 'info',
  timestamp: '7/2/2022, 9:45:55 PM'
}
{
  message: 'Connect sucessfully',
  level: 'info',
  timestamp: '7/2/2022, 9:46:15 PM'
}
{
  message: 'Connect sucessfully',
  level: 'info',
  timestamp: '7/2/2022, 9:50:20 PM'
}
{
  message: 'Connect sucessfully',
  level: 'info',
  timestamp: '7/2/2022, 9:50:26 PM'
}
{
  message: 'Connect sucessfully',
  level: 'info',
  timestamp: '7/2/2022, 9:51:58 PM'
}
{
  message: 'Connect sucessfully',
  level: 'info',
  timestamp: '7/2/2022, 9:52:44 PM'
}
{
  message: 'Connect sucessfully',
  level: 'info',
  timestamp: '7/2/2022, 9:53:11 PM'
}
{
  message: 'Connect sucessfully',
  level: 'info',
  timestamp: '7/2/2022, 9:53:41 PM'
}
{
  message: 'Connect sucessfully',
  level: 'info',
  timestamp: '7/3/2022, 8:57:43 PM'
}
{
  message: 'Connect sucessfully',
  level: 'info',
  timestamp: '7/3/2022, 8:59:14 PM'
}
{
  message: 'Connect sucessfully',
  level: 'info',
  timestamp: '7/3/2022, 9:00:55 PM'
}
{
  message: 'Connect sucessfully',
  level: 'info',
  timestamp: '7/3/2022, 9:01:00 PM'
}
{
  message: 'Connect sucessfully',
  level: 'info',
  timestamp: '7/3/2022, 9:02:59 PM'
}
{
  message: 'Connect sucessfully',
  level: 'info',
  timestamp: '7/3/2022, 9:03:12 PM'
}
{
  message: 'Connect sucessfully',
  level: 'info',
  timestamp: '7/3/2022, 9:03:49 PM'
}
{
  message: 'Connect sucessfully',
  level: 'info',
  timestamp: '7/3/2022, 9:04:50 PM'
}
{
  message: 'Connect sucessfully',
  level: 'info',
  timestamp: '7/3/2022, 9:05:33 PM'
}
{
  message: 'Connect sucessfully',
  level: 'info',
  timestamp: '7/3/2022, 9:06:05 PM'
}
{
  message: 'Connect sucessfully',
  level: 'info',
  timestamp: '7/3/2022, 9:08:46 PM'
}
{
  message: 'Connect sucessfully',
  level: 'info',
  timestamp: '7/3/2022, 9:09:05 PM'
}
{
  message: 'Connect sucessfully',
  level: 'info',
  timestamp: '7/3/2022, 9:10:00 PM'
}
{
  message: 'Connect sucessfully',
  level: 'info',
  timestamp: '7/3/2022, 9:10:12 PM'
}
{
  message: 'Connect sucessfully',
  level: 'info',
  timestamp: '7/3/2022, 9:12:28 PM'
}
{
  message: 'Connect sucessfully',
  level: 'info',
  timestamp: '7/3/2022, 9:12:44 PM'
}
{
  message: 'Connect sucessfully',
  level: 'info',
  timestamp: '7/3/2022, 9:14:17 PM'
}
{
  message: 'Connect sucessfully',
  level: 'info',
  timestamp: '7/3/2022, 9:14:24 PM'
}
{
  message: 'Connect sucessfully',
  level: 'info',
  timestamp: '7/3/2022, 9:14:29 PM'
}
{
  message: 'Connect sucessfully',
  level: 'info',
  timestamp: '7/3/2022, 9:14:39 PM'
}
{
  message: 'Connect sucessfully',
  level: 'info',
  timestamp: '7/3/2022, 9:15:22 PM'
}
{
  message: 'Connect sucessfully',
  level: 'info',
  timestamp: '7/3/2022, 9:15:58 PM'
}
{
  message: 'Connect sucessfully',
  level: 'info',
  timestamp: '7/3/2022, 9:16:06 PM'
}
{
  message: 'Connect sucessfully',
  level: 'info',
  timestamp: '7/3/2022, 9:17:07 PM'
}
{
  message: 'Connect sucessfully',
  level: 'info',
  timestamp: '7/3/2022, 9:19:33 PM'
}
{
  message: 'Connect sucessfully',
  level: 'info',
  timestamp: '7/3/2022, 9:19:41 PM'
}
{
  message: 'Connect sucessfully',
  level: 'info',
  timestamp: '7/3/2022, 9:20:15 PM'
}
{
  message: 'Connect sucessfully',
  level: 'info',
  timestamp: '7/3/2022, 9:20:25 PM'
}
{
  message: 'Connect sucessfully',
  level: 'info',
  timestamp: '7/3/2022, 9:20:31 PM'
}
{
  message: 'Connect sucessfully',
  level: 'info',
  timestamp: '7/3/2022, 9:20:37 PM'
}
{
  message: 'Connect sucessfully',
  level: 'info',
  timestamp: '7/3/2022, 9:20:43 PM'
}
{
  message: 'Connect sucessfully',
  level: 'info',
  timestamp: '7/3/2022, 9:21:02 PM'
}
{
  message: 'Connect sucessfully',
  level: 'info',
  timestamp: '7/3/2022, 9:23:06 PM'
}
{
  message: 'Connect sucessfully',
  level: 'info',
  timestamp: '7/3/2022, 9:23:12 PM'
}
{
  message: 'Connect sucessfully',
  level: 'info',
  timestamp: '7/3/2022, 9:24:58 PM'
}
{
  message: 'Connect sucessfully',
  level: 'info',
  timestamp: '7/3/2022, 9:30:07 PM'
}
{
  message: 'Connect sucessfully',
  level: 'info',
  timestamp: '7/3/2022, 9:30:48 PM'
}
{
  message: 'Connect sucessfully',
  level: 'info',
  timestamp: '7/3/2022, 9:32:02 PM'
}
{
  message: 'Connect sucessfully',
  level: 'info',
  timestamp: '7/3/2022, 9:32:37 PM'
}
{
  message: 'Connect sucessfully',
  level: 'info',
  timestamp: '7/3/2022, 9:33:59 PM'
}
{
  message: 'Connect sucessfully',
  level: 'info',
  timestamp: '7/3/2022, 9:36:48 PM'
}
{
  message: 'Connect sucessfully',
  level: 'info',
  timestamp: '7/3/2022, 9:37:38 PM'
}
{
  message: 'Connect sucessfully',
  level: 'info',
  timestamp: '7/3/2022, 9:38:09 PM'
}
{
  message: 'Connect sucessfully',
  level: 'info',
  timestamp: '7/3/2022, 9:38:48 PM'
}
{
  message: 'Connect sucessfully',
  level: 'info',
  timestamp: '7/3/2022, 9:39:10 PM'
}
{
  message: 'Connect sucessfully',
  level: 'info',
  timestamp: '7/3/2022, 9:40:22 PM'
}
{
  message: 'Connect sucessfully',
  level: 'info',
  timestamp: '7/3/2022, 9:40:53 PM'
}
{
  message: 'Connect sucessfully',
  level: 'info',
  timestamp: '7/4/2022, 9:53:22 AM'
}
{
  message: 'Connect sucessfully',
  level: 'info',
  timestamp: '7/4/2022, 9:57:02 AM'
}
{
  message: 'Connect sucessfully',
  level: 'info',
  timestamp: '7/4/2022, 9:57:25 AM'
}
{
  message: 'Connect sucessfully',
  level: 'info',
  timestamp: '7/4/2022, 9:57:29 AM'
}
{
  message: 'Connect sucessfully',
  level: 'info',
  timestamp: '7/4/2022, 10:00:34 AM'
}
{
  message: 'Connect sucessfully',
  level: 'info',
  timestamp: '7/4/2022, 10:04:47 AM'
}
{
  message: 'Connect sucessfully',
  level: 'info',
  timestamp: '7/4/2022, 10:04:50 AM'
}
{
  message: 'Connect sucessfully',
  level: 'info',
  timestamp: '7/4/2022, 10:05:06 AM'
}
{
  message: 'Connect sucessfully',
  level: 'info',
  timestamp: '7/4/2022, 10:06:56 AM'
}
{
  message: 'Connect sucessfully',
  level: 'info',
  timestamp: '7/4/2022, 10:09:34 AM'
}
{
  message: 'Connect sucessfully',
  level: 'info',
  timestamp: '7/4/2022, 10:09:57 AM'
}
{
  message: 'Connect sucessfully',
  level: 'info',
  timestamp: '7/4/2022, 10:10:28 AM'
}
{
  message: 'Connect sucessfully',
  level: 'info',
  timestamp: '7/4/2022, 10:10:34 AM'
}
{
  message: 'Connect sucessfully',
  level: 'info',
  timestamp: '7/4/2022, 10:10:49 AM'
}
{
  message: 'Connect sucessfully',
  level: 'info',
  timestamp: '7/4/2022, 10:10:52 AM'
}
{
  message: 'Connect sucessfully',
  level: 'info',
  timestamp: '7/4/2022, 10:11:53 AM'
}
{
  message: 'Connect sucessfully',
  level: 'info',
  timestamp: '7/4/2022, 10:13:53 AM'
}
{
  message: 'Connect sucessfully',
  level: 'info',
  timestamp: '7/4/2022, 10:17:01 AM'
}
{
  message: 'Connect sucessfully',
  level: 'info',
  timestamp: '7/4/2022, 10:18:57 AM'
}
{
  message: 'Connect sucessfully',
  level: 'info',
  timestamp: '7/4/2022, 10:21:03 AM'
}
{
  message: 'Connect sucessfully',
  level: 'info',
  timestamp: '7/4/2022, 10:21:10 AM'
}
{
  message: 'Connect sucessfully',
  level: 'info',
  timestamp: '7/4/2022, 10:24:20 AM'
}
{
  message: 'Connect sucessfully',
  level: 'info',
  timestamp: '7/4/2022, 10:27:07 AM'
}
{
  message: 'Connect sucessfully',
  level: 'info',
  timestamp: '7/4/2022, 10:32:05 AM'
}
{
  message: 'Connect sucessfully',
  level: 'info',
  timestamp: '7/4/2022, 10:32:42 AM'
}
{
  message: 'Connect sucessfully',
  level: 'info',
  timestamp: '7/4/2022, 10:32:50 AM'
}
{
  message: 'Connect sucessfully',
  level: 'info',
  timestamp: '7/4/2022, 10:46:03 AM'
}
{
  message: 'Connect sucessfully',
  level: 'info',
  timestamp: '7/4/2022, 10:46:26 AM'
}
{
  message: 'Connect sucessfully',
  level: 'info',
  timestamp: '7/4/2022, 10:47:04 AM'
}
{
  message: 'Connect sucessfully',
  level: 'info',
  timestamp: '7/4/2022, 10:47:08 AM'
}
{
  message: 'Connect sucessfully',
  level: 'info',
  timestamp: '7/4/2022, 10:47:10 AM'
}
{
  message: 'Connect sucessfully',
  level: 'info',
  timestamp: '7/4/2022, 10:52:35 AM'
}
{
  message: 'Connect sucessfully',
  level: 'info',
  timestamp: '7/4/2022, 11:21:33 AM'
}
{
  message: 'Connect sucessfully',
  level: 'info',
  timestamp: '7/4/2022, 11:22:08 AM'
}
{
  message: 'Connect sucessfully',
  level: 'info',
  timestamp: '7/4/2022, 11:22:21 AM'
}
{
  message: 'Connect sucessfully',
  level: 'info',
  timestamp: '7/4/2022, 11:22:47 AM'
}
{
  message: 'Connect sucessfully',
  level: 'info',
  timestamp: '7/4/2022, 11:23:19 AM'
}
{
  message: 'Connect sucessfully',
  level: 'info',
  timestamp: '7/4/2022, 11:23:40 AM'
}
{
  message: 'Connect sucessfully',
  level: 'info',
  timestamp: '7/4/2022, 11:26:39 AM'
}
{
  message: 'Connect sucessfully',
  level: 'info',
  timestamp: '7/4/2022, 11:26:54 AM'
}
{
  message: 'Connect sucessfully',
  level: 'info',
  timestamp: '7/4/2022, 11:27:39 AM'
}
{
  message: 'Connect sucessfully',
  level: 'info',
  timestamp: '7/4/2022, 11:27:58 AM'
}
{
  message: 'Connect sucessfully',
  level: 'info',
  timestamp: '7/4/2022, 11:28:20 AM'
}
{
  message: 'Connect sucessfully',
  level: 'info',
  timestamp: '7/4/2022, 11:29:02 AM'
}
{
  message: 'Connect sucessfully',
  level: 'info',
  timestamp: '7/4/2022, 11:51:52 AM'
}
{
  message: 'Connect sucessfully',
  level: 'info',
  timestamp: '7/4/2022, 11:51:56 AM'
}
{
  message: 'Connect sucessfully',
  level: 'info',
  timestamp: '7/4/2022, 1:58:53 PM'
}
{
  message: 'Connect sucessfully',
  level: 'info',
  timestamp: '7/4/2022, 2:01:05 PM'
}
{
  message: 'Connect sucessfully',
  level: 'info',
  timestamp: '7/4/2022, 2:11:50 PM'
}
{
  message: 'Connect sucessfully',
  level: 'info',
  timestamp: '7/4/2022, 2:14:02 PM'
}
{
  message: 'Connect sucessfully',
  level: 'info',
  timestamp: '7/4/2022, 2:14:48 PM'
}
{
  message: 'Connect sucessfully',
  level: 'info',
  timestamp: '7/4/2022, 2:15:12 PM'
}
{
  message: 'Connect sucessfully',
  level: 'info',
  timestamp: '7/4/2022, 2:18:44 PM'
}
{
  message: 'Connect sucessfully',
  level: 'info',
  timestamp: '7/4/2022, 2:20:07 PM'
}
{
  message: 'Connect sucessfully',
  level: 'info',
  timestamp: '7/4/2022, 2:21:31 PM'
}
{
  message: 'Connect sucessfully',
  level: 'info',
  timestamp: '7/4/2022, 2:22:26 PM'
}
{
  message: 'Connect sucessfully',
  level: 'info',
  timestamp: '7/4/2022, 2:22:27 PM'
}
{
  message: 'Connect sucessfully',
  level: 'info',
  timestamp: '7/4/2022, 2:22:36 PM'
}
{
  message: 'Connect sucessfully',
  level: 'info',
  timestamp: '7/4/2022, 2:22:57 PM'
}
{
  message: 'Connect sucessfully',
  level: 'info',
  timestamp: '7/4/2022, 2:23:33 PM'
}
{
  message: 'Connect sucessfully',
  level: 'info',
  timestamp: '7/4/2022, 2:24:30 PM'
}
{
  message: 'Connect sucessfully',
  level: 'info',
  timestamp: '7/4/2022, 2:26:34 PM'
}
{
  message: 'Connect sucessfully',
  level: 'info',
  timestamp: '7/4/2022, 2:27:36 PM'
}
{
  message: 'Connect sucessfully',
  level: 'info',
  timestamp: '7/4/2022, 2:28:16 PM'
}
{
  message: 'Connect sucessfully',
  level: 'info',
  timestamp: '7/4/2022, 2:28:35 PM'
}
{
  message: 'Connect sucessfully',
  level: 'info',
  timestamp: '7/4/2022, 2:28:42 PM'
}
{
  message: 'Connect sucessfully',
  level: 'info',
  timestamp: '7/4/2022, 2:28:47 PM'
}
{
  message: 'Connect sucessfully',
  level: 'info',
  timestamp: '7/4/2022, 2:29:30 PM'
}
{
  message: 'Connect sucessfully',
  level: 'info',
  timestamp: '7/4/2022, 2:33:40 PM'
}
{
  message: 'Connect sucessfully',
  level: 'info',
  timestamp: '7/4/2022, 2:34:08 PM'
}
{
  message: 'Connect sucessfully',
  level: 'info',
  timestamp: '7/4/2022, 2:34:13 PM'
}
{
  message: 'Connect sucessfully',
  level: 'info',
  timestamp: '7/4/2022, 2:38:43 PM'
}
{
  message: 'Connect sucessfully',
  level: 'info',
  timestamp: '7/4/2022, 2:38:49 PM'
}
{
  message: 'Connect sucessfully',
  level: 'info',
  timestamp: '7/4/2022, 2:39:59 PM'
}
{
  message: 'Connect sucessfully',
  level: 'info',
  timestamp: '7/4/2022, 2:40:15 PM'
}
{
  message: 'Connect sucessfully',
  level: 'info',
  timestamp: '7/4/2022, 2:40:19 PM'
}
{
  message: 'Connect sucessfully',
  level: 'info',
  timestamp: '7/4/2022, 2:43:39 PM'
}
{
  message: 'Connect sucessfully',
  level: 'info',
  timestamp: '7/4/2022, 2:45:30 PM'
}
{
  message: 'Connect sucessfully',
  level: 'info',
  timestamp: '7/4/2022, 2:46:00 PM'
}
{
  message: 'Connect sucessfully',
  level: 'info',
  timestamp: '7/4/2022, 2:46:56 PM'
}
{
  message: 'Connect sucessfully',
  level: 'info',
  timestamp: '7/4/2022, 2:47:00 PM'
}
{
  message: 'Connect sucessfully',
  level: 'info',
  timestamp: '7/4/2022, 2:56:26 PM'
}
{
  message: 'Connect sucessfully',
  level: 'info',
  timestamp: '7/4/2022, 2:56:58 PM'
}
{
  message: 'Connect sucessfully',
  level: 'info',
  timestamp: '7/4/2022, 2:57:35 PM'
}
{
  message: 'Connect sucessfully',
  level: 'info',
  timestamp: '7/4/2022, 2:58:05 PM'
}
{
  message: 'Connect sucessfully',
  level: 'info',
  timestamp: '7/4/2022, 2:58:30 PM'
}
{
  message: 'Connect sucessfully',
  level: 'info',
  timestamp: '7/4/2022, 2:58:48 PM'
}
{
  message: 'Connect sucessfully',
  level: 'info',
  timestamp: '7/4/2022, 3:00:16 PM'
}
{
  message: 'Connect sucessfully',
  level: 'info',
  timestamp: '7/4/2022, 3:00:46 PM'
}
{
  message: 'Connect sucessfully',
  level: 'info',
  timestamp: '7/4/2022, 3:01:18 PM'
}
{
  message: 'Connect sucessfully',
  level: 'info',
  timestamp: '7/4/2022, 3:01:46 PM'
}
{
  message: 'Connect sucessfully',
  level: 'info',
  timestamp: '7/4/2022, 3:56:56 PM'
}
{
  message: 'Connect sucessfully',
  level: 'info',
  timestamp: '7/4/2022, 3:58:47 PM'
}
{
  message: 'Connect sucessfully',
  level: 'info',
  timestamp: '7/4/2022, 3:58:59 PM'
}
{
  message: 'Connect sucessfully',
  level: 'info',
  timestamp: '7/4/2022, 3:59:11 PM'
}
{
  message: 'Connect sucessfully',
  level: 'info',
  timestamp: '7/4/2022, 4:00:45 PM'
}
{
  message: 'Connect sucessfully',
  level: 'info',
  timestamp: '7/4/2022, 4:00:55 PM'
}
{
  message: 'Connect sucessfully',
  level: 'info',
  timestamp: '7/4/2022, 4:03:32 PM'
}
{
  message: 'Connect sucessfully',
  level: 'info',
  timestamp: '7/4/2022, 4:03:40 PM'
}
{
  message: 'Connect sucessfully',
  level: 'info',
  timestamp: '7/4/2022, 4:03:54 PM'
}
{
  message: 'Connect sucessfully',
  level: 'info',
  timestamp: '7/4/2022, 4:05:40 PM'
}
{
  message: 'Connect sucessfully',
  level: 'info',
  timestamp: '7/4/2022, 4:08:07 PM'
}
{
  message: 'Connect sucessfully',
  level: 'info',
  timestamp: '7/4/2022, 4:08:21 PM'
}
{
  message: 'Connect sucessfully',
  level: 'info',
  timestamp: '7/4/2022, 4:10:31 PM'
}
{
  message: 'Connect sucessfully',
  level: 'info',
  timestamp: '7/4/2022, 4:12:03 PM'
}
{
  message: 'Connect sucessfully',
  level: 'info',
  timestamp: '7/4/2022, 4:12:24 PM'
}
{
  message: 'Connect sucessfully',
  level: 'info',
  timestamp: '7/4/2022, 4:13:30 PM'
}
{
  message: 'Connect sucessfully',
  level: 'info',
  timestamp: '7/4/2022, 4:14:09 PM'
}
{
  message: 'Connect sucessfully',
  level: 'info',
  timestamp: '7/4/2022, 4:14:16 PM'
}
{
  message: 'Connect sucessfully',
  level: 'info',
  timestamp: '7/4/2022, 4:14:40 PM'
}
{
  message: 'Connect sucessfully',
  level: 'info',
  timestamp: '7/4/2022, 4:14:46 PM'
}
{
  message: 'Connect sucessfully',
  level: 'info',
  timestamp: '7/4/2022, 4:14:54 PM'
}
{
  message: 'Connect sucessfully',
  level: 'info',
  timestamp: '7/4/2022, 4:15:33 PM'
}
{
  message: 'Connect sucessfully',
  level: 'info',
  timestamp: '7/4/2022, 4:19:30 PM'
}
{
  message: 'Connect sucessfully',
  level: 'info',
  timestamp: '7/4/2022, 4:19:43 PM'
}
{
  message: 'Connect sucessfully',
  level: 'info',
  timestamp: '7/4/2022, 4:20:40 PM'
}
{
  message: 'Connect sucessfully',
  level: 'info',
  timestamp: '7/4/2022, 4:20:57 PM'
}
{
  message: 'Connect sucessfully',
  level: 'info',
  timestamp: '7/4/2022, 4:21:14 PM'
}
{
  message: 'Connect sucessfully',
  level: 'info',
  timestamp: '7/4/2022, 4:23:05 PM'
}
{
  message: 'Connect sucessfully',
  level: 'info',
  timestamp: '7/5/2022, 9:48:01 AM'
}
{
  message: 'Connect sucessfully',
  level: 'info',
  timestamp: '7/5/2022, 9:48:17 AM'
}
{
  message: 'Connect sucessfully',
  level: 'info',
  timestamp: '7/5/2022, 9:50:54 AM'
}
{
  message: 'Connect sucessfully',
  level: 'info',
  timestamp: '7/5/2022, 9:53:02 AM'
}
{
  message: 'Connect sucessfully',
  level: 'info',
  timestamp: '7/5/2022, 10:04:08 AM'
}
{
  message: 'Connect sucessfully',
  level: 'info',
  timestamp: '7/5/2022, 10:10:21 AM'
}
{
  message: 'Connect sucessfully',
  level: 'info',
  timestamp: '7/5/2022, 10:12:00 AM'
}
{
  message: 'Connect sucessfully',
  level: 'info',
  timestamp: '7/5/2022, 10:12:12 AM'
}
{
  message: 'Connect sucessfully',
  level: 'info',
  timestamp: '7/5/2022, 10:22:47 AM'
}
{
  message: 'Connect sucessfully',
  level: 'info',
  timestamp: '7/5/2022, 10:26:37 AM'
}
{
  message: 'Connect sucessfully',
  level: 'info',
  timestamp: '7/5/2022, 10:26:42 AM'
}
{
  message: 'Connect sucessfully',
  level: 'info',
  timestamp: '7/5/2022, 10:26:48 AM'
}
{
  message: 'Connect sucessfully',
  level: 'info',
  timestamp: '7/5/2022, 10:28:21 AM'
}
{
  message: 'Connect sucessfully',
  level: 'info',
  timestamp: '7/5/2022, 10:28:50 AM'
}
{
  message: 'Connect sucessfully',
  level: 'info',
  timestamp: '7/5/2022, 10:29:33 AM'
}
{
  message: 'Connect sucessfully',
  level: 'info',
  timestamp: '7/5/2022, 10:32:09 AM'
}
{
  message: 'Connect sucessfully',
  level: 'info',
  timestamp: '7/5/2022, 10:38:28 AM'
}
{
  message: 'Connect sucessfully',
  level: 'info',
  timestamp: '7/5/2022, 10:39:31 AM'
}
{
  message: 'Connect sucessfully',
  level: 'info',
  timestamp: '7/5/2022, 10:40:01 AM'
}
{
  message: 'Connect sucessfully',
  level: 'info',
  timestamp: '7/5/2022, 10:41:19 AM'
}
{
  message: 'Connect sucessfully',
  level: 'info',
  timestamp: '7/5/2022, 10:41:54 AM'
}
{
  message: 'Connect sucessfully',
  level: 'info',
  timestamp: '7/5/2022, 10:42:10 AM'
}
{
  message: 'Connect sucessfully',
  level: 'info',
  timestamp: '7/5/2022, 10:42:15 AM'
}
{
  message: 'Connect sucessfully',
  level: 'info',
  timestamp: '7/5/2022, 10:42:24 AM'
}
{
  message: 'Connect sucessfully',
  level: 'info',
  timestamp: '7/5/2022, 10:42:24 AM'
}
{
  message: 'Connect sucessfully',
  level: 'info',
  timestamp: '7/5/2022, 10:42:35 AM'
}
{
  message: 'Connect sucessfully',
  level: 'info',
  timestamp: '7/5/2022, 11:21:48 AM'
}
{
  message: 'Connect sucessfully',
  level: 'info',
  timestamp: '7/5/2022, 11:21:52 AM'
}
{
  message: 'Connect sucessfully',
  level: 'info',
  timestamp: '7/5/2022, 11:22:53 AM'
}
{
  message: 'Connect sucessfully',
  level: 'info',
  timestamp: '7/5/2022, 11:27:23 AM'
}
{
  message: 'Connect sucessfully',
  level: 'info',
  timestamp: '7/5/2022, 11:28:55 AM'
}
{
  message: 'Connect sucessfully',
  level: 'info',
  timestamp: '7/5/2022, 11:29:04 AM'
}
{
  message: 'Connect sucessfully',
  level: 'info',
  timestamp: '7/5/2022, 11:31:05 AM'
}
{
  message: 'Connect sucessfully',
  level: 'info',
  timestamp: '7/5/2022, 11:31:31 AM'
}
{
  message: 'Connect sucessfully',
  level: 'info',
  timestamp: '7/5/2022, 11:31:38 AM'
}
{
  message: 'Connect sucessfully',
  level: 'info',
  timestamp: '7/5/2022, 11:35:31 AM'
}
{
  message: 'Connect sucessfully',
  level: 'info',
  timestamp: '7/5/2022, 11:36:09 AM'
}
