{"level":"error","message":"Error connecting: ER_NOT_SUPPORTED_AUTH_MODE: Client does not support authentication protocol requested by server; consider upgrading MySQL client"}
{
  message: 'Error connecting: ER_NOT_SUPPORTED_AUTH_MODE: Client does not support authentication protocol requested by server; consider upgrading MySQL client',
  level: 'error',
  timestamp: '7/2/2022, 2:55:40 PM'
}
{
  message: 'Error connecting: connect ECONNREFUSED 127.0.0.1:3306',
  level: 'error',
  timestamp: '7/2/2022, 8:41:39 PM'
}
{
  message: 'Error connecting: connect ECONNREFUSED 127.0.0.1:3306',
  level: 'error',
  timestamp: '7/9/2022, 10:12:48 AM'
}
{
  message: 'Error connecting: connect ECONNREFUSED 127.0.0.1:3306',
  level: 'error',
  timestamp: '7/11/2022, 9:26:12 AM'
}
{
  message: 'Error connecting: connect ECONNREFUSED 127.0.0.1:3306',
  level: 'error',
  timestamp: '7/13/2022, 7:52:09 PM'
}
{ level: 'error', timestamp: '7/14/2022, 3:21:06 PM' }
{
  message: 'Error connecting: connect ECONNREFUSED 127.0.0.1:3306',
  level: 'error',
  timestamp: '7/15/2022, 2:25:37 PM'
}
{
  message: 'Error connecting: connect ECONNREFUSED 127.0.0.1:3306',
  level: 'error',
  timestamp: '7/19/2022, 3:41:18 PM'
}
