{
  message: "ER_BAD_NULL_ERROR: Column 'email' cannot be null",
  level: 'error',
  timestamp: '7/4/2022, 10:42:21 AM'
}
{ message: null, level: 'error', timestamp: '7/4/2022, 2:45:48 PM' }
{ message: null, level: 'error', timestamp: '7/4/2022, 2:46:01 PM' }
{ message: null, level: 'error', timestamp: '7/4/2022, 2:47:11 PM' }
{ message: null, level: 'error', timestamp: '7/4/2022, 2:59:32 PM' }
{ message: null, level: 'error', timestamp: '7/4/2022, 4:01:49 PM' }
{ message: null, level: 'error', timestamp: '7/4/2022, 4:16:41 PM' }
{ message: null, level: 'error', timestamp: '7/4/2022, 4:20:16 PM' }
{ message: null, level: 'error', timestamp: '7/4/2022, 4:21:33 PM' }
{ message: null, level: 'error', timestamp: '7/5/2022, 9:52:34 AM' }
{ message: null, level: 'error', timestamp: '7/5/2022, 10:46:44 AM' }
{
  message: "ER_PARSE_ERROR: You have an error in your SQL syntax; check the manual that corresponds to your MySQL server version for the right syntax to use near '(title,content,status) values ('NodeJS','NodeJS','Bắt đầu làm')' at line 1",
  level: 'error',
  timestamp: '7/5/2022, 11:34:11 AM'
}
{
  message: 'Illegal arguments: undefined, string',
  level: 'error',
  timestamp: '7/5/2022, 3:10:38 PM'
}
{ message: null, level: 'error', timestamp: '7/5/2022, 3:10:59 PM' }
{
  message: 'Illegal arguments: undefined, string',
  level: 'error',
  timestamp: '7/5/2022, 3:11:11 PM'
}
{
  message: "ER_TRUNCATED_WRONG_VALUE: Incorrect datetime value: '5-7-2022 15:13:13' for column 'updatedAt' at row 1",
  level: 'error',
  timestamp: '7/5/2022, 3:13:14 PM'
}
{
  message: "ER_TRUNCATED_WRONG_VALUE: Incorrect datetime value: '5/7/2022 15:14:29' for column 'updatedAt' at row 1",
  level: 'error',
  timestamp: '7/5/2022, 3:14:29 PM'
}
{
  message: "ER_TRUNCATED_WRONG_VALUE: Incorrect datetime value: '15:18:28 5:7:2022' for column 'updatedAt' at row 1",
  level: 'error',
  timestamp: '7/5/2022, 3:18:28 PM'
}
{ message: null, level: 'error', timestamp: '7/5/2022, 3:20:08 PM' }
{ message: null, level: 'error', timestamp: '7/5/2022, 3:20:18 PM' }
{ message: null, level: 'error', timestamp: '7/5/2022, 3:23:16 PM' }
